============================= test session starts ==============================
platform linux -- Python 3.11.15, pytest-8.2.2, pluggy-1.6.0
rootdir: /app
configfile: pytest.ini
plugins: asyncio-0.23.7, anyio-4.12.1
asyncio: mode=Mode.AUTO
collected 16 items / 1 error

==================================== ERRORS ====================================
____________________ ERROR collecting tests/test_payment.py ____________________
ImportError while importing test module '/app/tests/test_payment.py'.
Hint: make sure your test modules/packages have valid Python names.
Traceback:
/usr/local/lib/python3.11/importlib/__init__.py:126: in import_module
    return _bootstrap._gcd_import(name[level:], package, level)
tests/test_payment.py:3: in <module>
    from app.routers.payment import PAYMENTS_DB, USERS_DB
E   ImportError: cannot import name 'PAYMENTS_DB' from 'app.routers.payment' (/app/app/routers/payment.py)
=========================== short test summary info ============================
ERROR tests/test_payment.py
!!!!!!!!!!!!!!!!!!!! Interrupted: 1 error during collection !!!!!!!!!!!!!!!!!!!!
============================== 1 error in 12.29s ===============================
